2022-05-03 11:49:53,474 -- INFO -- Setup logger
2022-05-03 11:49:53,474 -- INFO -- Début des tests
2022-05-03 11:49:53,474 -- INFO -- Fin des tests
2022-05-03 11:49:53,490 -- INFO -- Test des nombres entiers
2022-05-03 11:49:53,490 -- WARNING -- Déclenchement d'une erreur, valeur d'entrée érronée
2022-05-03 11:49:53,490 -- WARNING -- Déclenchement d'une erreur, valeur d'entrée érronée
2022-05-03 11:49:53,490 -- WARNING -- Déclenchement d'une erreur, valeur d'entrée érronée
2022-05-03 11:49:53,490 -- WARNING -- Déclenchement d'une erreur, valeur d'entrée érronée
2022-05-03 11:49:53,490 -- WARNING -- Déclenchement d'une erreur, valeur d'entrée érronée
2022-05-03 11:49:53,490 -- WARNING -- Déclenchement d'une erreur, valeur d'entrée érronée
2022-05-03 11:49:53,490 -- WARNING -- Déclenchement d'une erreur, valeur d'entrée érronée
2022-05-03 11:49:53,490 -- WARNING -- Déclenchement d'une erreur, valeur d'entrée érronée
2022-05-03 11:58:00,168 -- INFO -- Setup logger
2022-05-03 11:58:00,293 -- INFO -- Setup logger
2022-05-03 11:58:00,293 -- INFO -- Début des tests
2022-05-03 11:58:00,293 -- INFO -- Fin des tests
2022-05-03 11:58:00,293 -- INFO -- Test des nombres entiers
2022-05-03 11:58:00,293 -- WARNING -- Déclenchement d'une erreur, valeur d'entrée érronée
2022-05-03 11:58:00,293 -- WARNING -- Déclenchement d'une erreur, valeur d'entrée érronée
2022-05-03 11:58:00,293 -- WARNING -- Déclenchement d'une erreur, valeur d'entrée érronée
2022-05-03 11:58:00,293 -- WARNING -- Déclenchement d'une erreur, valeur d'entrée érronée
2022-05-03 11:58:00,309 -- WARNING -- Déclenchement d'une erreur, valeur d'entrée érronée
2022-05-03 11:58:00,309 -- WARNING -- Déclenchement d'une erreur, valeur d'entrée érronée
2022-05-03 11:58:00,309 -- WARNING -- Déclenchement d'une erreur, valeur d'entrée érronée
2022-05-03 11:58:00,309 -- WARNING -- Déclenchement d'une erreur, valeur d'entrée érronée
2022-05-03 14:03:16,855 -- INFO -- Setup logger
2022-05-03 14:03:16,856 -- INFO -- Setup logger
2022-05-03 14:03:16,856 -- INFO -- Début des tests
2022-05-03 14:03:16,856 -- INFO -- Fin des tests
2022-05-03 14:04:02,141 -- INFO -- Setup logger
2022-05-03 14:04:02,141 -- INFO -- Setup logger
2022-05-03 14:04:02,141 -- INFO -- Début des tests
2022-05-03 14:04:02,142 -- INFO -- Fin des tests
2022-05-03 14:04:10,379 -- INFO -- Setup logger
2022-05-03 14:04:10,379 -- INFO -- Setup logger
2022-05-03 14:04:10,379 -- INFO -- Début des tests
2022-05-03 14:04:10,380 -- INFO -- Fin des tests
2022-05-03 14:04:10,384 -- INFO -- Test des nombres entiers
2022-05-03 14:04:10,384 -- WARNING -- Déclenchement d'une erreur, valeur d'entrée érronée
2022-05-03 14:04:10,384 -- WARNING -- Déclenchement d'une erreur, valeur d'entrée érronée
2022-05-03 14:04:10,384 -- WARNING -- Déclenchement d'une erreur, valeur d'entrée érronée
2022-05-03 14:04:10,384 -- WARNING -- Déclenchement d'une erreur, valeur d'entrée érronée
2022-05-03 14:04:10,385 -- WARNING -- Déclenchement d'une erreur, valeur d'entrée érronée
2022-05-03 14:07:48,421 -- INFO -- Setup logger
2022-05-03 14:07:48,422 -- INFO -- Setup logger
2022-05-03 14:07:48,422 -- INFO -- Début des tests
2022-05-03 14:07:48,422 -- INFO -- Fin des tests
2022-05-03 14:20:12,066 -- INFO -- Setup logger
2022-05-03 14:20:12,066 -- INFO -- Setup logger
2022-05-03 14:20:12,067 -- INFO -- Début des tests
2022-05-03 14:20:12,067 -- INFO -- Fin des tests
2022-05-03 14:20:35,518 -- INFO -- Setup logger
2022-05-03 14:20:35,518 -- INFO -- Setup logger
2022-05-03 14:20:35,519 -- INFO -- Début des tests
2022-05-03 14:20:35,519 -- INFO -- Fin des tests
2022-05-03 14:20:38,242 -- INFO -- Setup logger
2022-05-03 14:20:38,243 -- INFO -- Setup logger
2022-05-03 14:20:38,243 -- INFO -- Début des tests
2022-05-03 14:20:38,243 -- INFO -- Fin des tests
2022-05-03 14:20:59,570 -- INFO -- Setup logger
2022-05-03 14:20:59,571 -- INFO -- Setup logger
2022-05-03 14:20:59,572 -- INFO -- Début des tests
2022-05-03 14:20:59,572 -- INFO -- Fin des tests
2022-05-03 14:20:59,576 -- INFO -- Test des nombres entiers
2022-05-03 14:20:59,576 -- WARNING -- Déclenchement d'une erreur, valeur d'entrée érronée
2022-05-03 14:20:59,577 -- WARNING -- Déclenchement d'une erreur, valeur d'entrée érronée
2022-05-03 14:20:59,578 -- WARNING -- Déclenchement d'une erreur, valeur d'entrée érronée
2022-05-03 14:20:59,579 -- WARNING -- Déclenchement d'une erreur, valeur d'entrée érronée
2022-05-03 14:20:59,580 -- WARNING -- Déclenchement d'une erreur, valeur d'entrée érronée
2022-05-03 14:20:59,583 -- WARNING -- Déclenchement d'une erreur, valeur d'entrée érronée
2022-05-03 14:20:59,585 -- WARNING -- Déclenchement d'une erreur, valeur d'entrée érronée
2022-05-03 14:20:59,586 -- WARNING -- Déclenchement d'une erreur, valeur d'entrée érronée
2022-05-03 14:21:36,885 -- INFO -- Setup logger
2022-05-03 14:21:36,885 -- INFO -- Setup logger
2022-05-03 14:21:36,886 -- INFO -- Début des tests
2022-05-03 14:21:36,886 -- INFO -- Fin des tests
2022-05-03 14:21:36,891 -- INFO -- Test des nombres entiers
2022-05-03 14:21:36,891 -- WARNING -- Déclenchement d'une erreur, valeur d'entrée érronée
2022-05-03 14:21:36,891 -- WARNING -- Déclenchement d'une erreur, valeur d'entrée érronée
2022-05-03 14:21:36,892 -- WARNING -- Déclenchement d'une erreur, valeur d'entrée érronée
2022-05-03 14:21:36,892 -- WARNING -- Déclenchement d'une erreur, valeur d'entrée érronée
2022-05-03 14:21:36,893 -- WARNING -- Déclenchement d'une erreur, valeur d'entrée érronée
2022-05-03 14:21:36,894 -- WARNING -- Déclenchement d'une erreur, valeur d'entrée érronée
2022-05-03 14:21:36,895 -- WARNING -- Déclenchement d'une erreur, valeur d'entrée érronée
2022-05-03 14:21:36,896 -- WARNING -- Déclenchement d'une erreur, valeur d'entrée érronée
2022-05-03 14:22:43,013 -- INFO -- Setup logger
2022-05-03 14:22:43,013 -- INFO -- Setup logger
2022-05-03 14:22:43,014 -- INFO -- Début des tests
2022-05-03 14:22:43,014 -- INFO -- Fin des tests
2022-05-03 14:22:43,018 -- INFO -- Test des nombres entiers
2022-05-03 14:22:43,019 -- WARNING -- Déclenchement d'une erreur, valeur d'entrée érronée
2022-05-03 14:22:43,019 -- WARNING -- Déclenchement d'une erreur, valeur d'entrée érronée
2022-05-03 14:22:43,020 -- WARNING -- Déclenchement d'une erreur, valeur d'entrée érronée
2022-05-03 14:22:43,020 -- WARNING -- Déclenchement d'une erreur, valeur d'entrée érronée
2022-05-03 14:22:43,021 -- WARNING -- Déclenchement d'une erreur, valeur d'entrée érronée
2022-05-03 14:22:43,022 -- WARNING -- Déclenchement d'une erreur, valeur d'entrée érronée
2022-05-03 14:22:43,023 -- WARNING -- Déclenchement d'une erreur, valeur d'entrée érronée
2022-05-03 14:22:43,024 -- WARNING -- Déclenchement d'une erreur, valeur d'entrée érronée
2022-05-03 14:22:50,720 -- INFO -- Setup logger
2022-05-03 14:22:50,720 -- INFO -- Setup logger
2022-05-03 14:22:50,721 -- INFO -- Début des tests
2022-05-03 14:22:50,721 -- INFO -- Fin des tests
2022-05-03 14:22:50,726 -- INFO -- Test des nombres entiers
2022-05-03 14:22:50,726 -- WARNING -- Déclenchement d'une erreur, valeur d'entrée érronée
2022-05-03 14:22:50,726 -- WARNING -- Déclenchement d'une erreur, valeur d'entrée érronée
2022-05-03 14:22:50,727 -- WARNING -- Déclenchement d'une erreur, valeur d'entrée érronée
2022-05-03 14:22:50,728 -- WARNING -- Déclenchement d'une erreur, valeur d'entrée érronée
2022-05-03 14:22:50,729 -- WARNING -- Déclenchement d'une erreur, valeur d'entrée érronée
2022-05-03 14:22:50,730 -- WARNING -- Déclenchement d'une erreur, valeur d'entrée érronée
2022-05-03 14:22:50,731 -- WARNING -- Déclenchement d'une erreur, valeur d'entrée érronée
2022-05-03 14:22:50,732 -- WARNING -- Déclenchement d'une erreur, valeur d'entrée érronée
2022-05-03 14:24:51,602 -- INFO -- Setup logger
2022-05-03 14:24:51,603 -- INFO -- Setup logger
2022-05-03 14:24:51,603 -- INFO -- Début des tests
2022-05-03 14:24:51,604 -- INFO -- Fin des tests
2022-05-03 14:24:51,608 -- INFO -- Test des nombres entiers
2022-05-03 14:24:51,608 -- WARNING -- Déclenchement d'une erreur, valeur d'entrée érronée
2022-05-03 14:24:51,608 -- WARNING -- Déclenchement d'une erreur, valeur d'entrée érronée
2022-05-03 14:24:51,610 -- WARNING -- Déclenchement d'une erreur, valeur d'entrée érronée
2022-05-03 14:24:51,610 -- WARNING -- Déclenchement d'une erreur, valeur d'entrée érronée
2022-05-03 14:24:51,611 -- WARNING -- Déclenchement d'une erreur, valeur d'entrée érronée
2022-05-03 14:24:51,613 -- WARNING -- Déclenchement d'une erreur, valeur d'entrée érronée
2022-05-03 14:24:51,614 -- WARNING -- Déclenchement d'une erreur, valeur d'entrée érronée
2022-05-03 14:24:51,616 -- WARNING -- Déclenchement d'une erreur, valeur d'entrée érronée
2022-05-03 14:24:58,436 -- INFO -- Setup logger
2022-05-03 14:24:58,437 -- INFO -- Setup logger
2022-05-03 14:24:58,438 -- INFO -- Début des tests
2022-05-03 14:24:58,438 -- INFO -- Fin des tests
2022-05-03 14:24:58,442 -- INFO -- Test des nombres entiers
2022-05-03 14:24:58,443 -- WARNING -- Déclenchement d'une erreur, valeur d'entrée érronée
2022-05-03 14:24:58,443 -- WARNING -- Déclenchement d'une erreur, valeur d'entrée érronée
2022-05-03 14:24:58,445 -- WARNING -- Déclenchement d'une erreur, valeur d'entrée érronée
2022-05-03 14:24:58,445 -- WARNING -- Déclenchement d'une erreur, valeur d'entrée érronée
2022-05-03 14:24:58,447 -- WARNING -- Déclenchement d'une erreur, valeur d'entrée érronée
2022-05-03 14:24:58,449 -- WARNING -- Déclenchement d'une erreur, valeur d'entrée érronée
2022-05-03 14:24:58,450 -- WARNING -- Déclenchement d'une erreur, valeur d'entrée érronée
2022-05-03 14:24:58,452 -- WARNING -- Déclenchement d'une erreur, valeur d'entrée érronée
2022-05-03 14:30:40,998 -- INFO -- Setup logger
2022-05-03 14:30:40,998 -- INFO -- Setup logger
2022-05-03 14:30:40,999 -- INFO -- Début des tests
2022-05-03 14:30:40,999 -- INFO -- Fin des tests
2022-05-03 14:30:41,003 -- INFO -- Test des nombres entiers
2022-05-03 14:30:41,003 -- WARNING -- Déclenchement d'une erreur, valeur d'entrée érronée
2022-05-03 14:30:41,003 -- WARNING -- Déclenchement d'une erreur, valeur d'entrée érronée
2022-05-03 14:30:41,004 -- WARNING -- Déclenchement d'une erreur, valeur d'entrée érronée
2022-05-03 14:30:41,004 -- WARNING -- Déclenchement d'une erreur, valeur d'entrée érronée
2022-05-03 14:30:41,005 -- WARNING -- Déclenchement d'une erreur, valeur d'entrée érronée
2022-05-03 14:30:41,006 -- WARNING -- Déclenchement d'une erreur, valeur d'entrée érronée
2022-05-03 14:30:41,008 -- WARNING -- Déclenchement d'une erreur, valeur d'entrée érronée
2022-05-03 14:30:41,009 -- WARNING -- Déclenchement d'une erreur, valeur d'entrée érronée
2022-05-03 14:32:01,662 -- INFO -- Setup logger
2022-05-03 14:32:01,662 -- INFO -- Setup logger
2022-05-03 14:32:01,663 -- INFO -- Début des tests
2022-05-03 14:32:01,663 -- INFO -- Fin des tests
2022-05-03 14:32:01,667 -- INFO -- Test des nombres entiers
2022-05-03 14:32:01,667 -- WARNING -- Déclenchement d'une erreur, valeur d'entrée érronée
2022-05-03 14:32:01,667 -- WARNING -- Déclenchement d'une erreur, valeur d'entrée érronée
2022-05-03 14:32:01,668 -- WARNING -- Déclenchement d'une erreur, valeur d'entrée érronée
2022-05-03 14:32:01,669 -- WARNING -- Déclenchement d'une erreur, valeur d'entrée érronée
2022-05-03 14:32:01,670 -- WARNING -- Déclenchement d'une erreur, valeur d'entrée érronée
2022-05-03 14:32:01,671 -- WARNING -- Déclenchement d'une erreur, valeur d'entrée érronée
2022-05-03 14:32:01,672 -- WARNING -- Déclenchement d'une erreur, valeur d'entrée érronée
2022-05-03 14:32:01,673 -- WARNING -- Déclenchement d'une erreur, valeur d'entrée érronée
2022-05-03 14:32:17,805 -- INFO -- Setup logger
2022-05-03 14:32:17,806 -- INFO -- Setup logger
2022-05-03 14:32:17,807 -- INFO -- Début des tests
2022-05-03 14:32:17,807 -- INFO -- Fin des tests
2022-05-03 14:32:17,811 -- INFO -- Test des nombres entiers
2022-05-03 14:32:17,811 -- WARNING -- Déclenchement d'une erreur, valeur d'entrée érronée
2022-05-03 14:32:17,812 -- WARNING -- Déclenchement d'une erreur, valeur d'entrée érronée
2022-05-03 14:32:17,813 -- WARNING -- Déclenchement d'une erreur, valeur d'entrée érronée
2022-05-03 14:32:17,813 -- WARNING -- Déclenchement d'une erreur, valeur d'entrée érronée
2022-05-03 14:32:17,814 -- WARNING -- Déclenchement d'une erreur, valeur d'entrée érronée
2022-05-03 14:32:17,815 -- WARNING -- Déclenchement d'une erreur, valeur d'entrée érronée
2022-05-03 14:32:17,816 -- WARNING -- Déclenchement d'une erreur, valeur d'entrée érronée
2022-05-03 14:32:17,818 -- WARNING -- Déclenchement d'une erreur, valeur d'entrée érronée
2022-05-03 14:33:01,006 -- INFO -- Setup logger
2022-05-03 14:33:01,006 -- INFO -- Setup logger
2022-05-03 14:33:01,007 -- INFO -- Début des tests
2022-05-03 14:33:01,007 -- INFO -- Fin des tests
2022-05-03 14:33:01,011 -- INFO -- Test des nombres entiers
2022-05-03 14:33:01,011 -- WARNING -- Déclenchement d'une erreur, valeur d'entrée érronée
2022-05-03 14:33:01,011 -- WARNING -- Déclenchement d'une erreur, valeur d'entrée érronée
2022-05-03 14:33:01,013 -- WARNING -- Déclenchement d'une erreur, valeur d'entrée érronée
2022-05-03 14:33:01,013 -- WARNING -- Déclenchement d'une erreur, valeur d'entrée érronée
2022-05-03 14:33:01,014 -- WARNING -- Déclenchement d'une erreur, valeur d'entrée érronée
2022-05-03 14:33:01,015 -- WARNING -- Déclenchement d'une erreur, valeur d'entrée érronée
2022-05-03 14:33:01,016 -- WARNING -- Déclenchement d'une erreur, valeur d'entrée érronée
2022-05-03 14:33:01,018 -- WARNING -- Déclenchement d'une erreur, valeur d'entrée érronée
2022-05-03 14:33:44,094 -- INFO -- Setup logger
2022-05-03 14:33:44,095 -- INFO -- Setup logger
2022-05-03 14:33:44,096 -- INFO -- Début des tests
2022-05-03 14:33:44,096 -- INFO -- Fin des tests
2022-05-03 14:33:44,100 -- INFO -- Test des nombres entiers
2022-05-03 14:33:44,100 -- WARNING -- Déclenchement d'une erreur, valeur d'entrée érronée
2022-05-03 14:33:44,100 -- WARNING -- Déclenchement d'une erreur, valeur d'entrée érronée
2022-05-03 14:33:44,101 -- WARNING -- Déclenchement d'une erreur, valeur d'entrée érronée
2022-05-03 14:33:44,101 -- WARNING -- Déclenchement d'une erreur, valeur d'entrée érronée
2022-05-03 14:33:44,102 -- WARNING -- Déclenchement d'une erreur, valeur d'entrée érronée
2022-05-03 14:33:44,103 -- WARNING -- Déclenchement d'une erreur, valeur d'entrée érronée
2022-05-03 14:33:44,104 -- WARNING -- Déclenchement d'une erreur, valeur d'entrée érronée
2022-05-03 14:33:44,105 -- WARNING -- Déclenchement d'une erreur, valeur d'entrée érronée
2022-05-03 14:34:13,389 -- INFO -- Setup logger
2022-05-03 14:34:13,389 -- INFO -- Setup logger
2022-05-03 14:34:13,390 -- INFO -- Début des tests
2022-05-03 14:34:13,390 -- INFO -- Fin des tests
2022-05-03 14:34:13,394 -- INFO -- Test des nombres entiers
2022-05-03 14:34:13,395 -- WARNING -- Déclenchement d'une erreur, valeur d'entrée érronée
2022-05-03 14:34:13,395 -- WARNING -- Déclenchement d'une erreur, valeur d'entrée érronée
2022-05-03 14:34:13,396 -- WARNING -- Déclenchement d'une erreur, valeur d'entrée érronée
2022-05-03 14:34:13,396 -- WARNING -- Déclenchement d'une erreur, valeur d'entrée érronée
2022-05-03 14:34:13,397 -- WARNING -- Déclenchement d'une erreur, valeur d'entrée érronée
2022-05-03 14:34:13,398 -- WARNING -- Déclenchement d'une erreur, valeur d'entrée érronée
2022-05-03 14:34:13,399 -- WARNING -- Déclenchement d'une erreur, valeur d'entrée érronée
2022-05-03 14:34:13,400 -- WARNING -- Déclenchement d'une erreur, valeur d'entrée érronée
2022-05-03 14:35:30,194 -- INFO -- Setup logger
2022-05-03 14:35:30,194 -- INFO -- Setup logger
2022-05-03 14:35:30,195 -- INFO -- Début des tests
2022-05-03 14:35:30,195 -- INFO -- Fin des tests
2022-05-03 14:35:30,199 -- INFO -- Test des nombres entiers
2022-05-03 14:35:30,199 -- WARNING -- Déclenchement d'une erreur, valeur d'entrée érronée
2022-05-03 14:35:30,199 -- WARNING -- Déclenchement d'une erreur, valeur d'entrée érronée
2022-05-03 14:35:30,200 -- WARNING -- Déclenchement d'une erreur, valeur d'entrée érronée
2022-05-03 14:35:30,200 -- WARNING -- Déclenchement d'une erreur, valeur d'entrée érronée
2022-05-03 14:35:30,201 -- WARNING -- Déclenchement d'une erreur, valeur d'entrée érronée
2022-05-03 14:35:30,202 -- WARNING -- Déclenchement d'une erreur, valeur d'entrée érronée
2022-05-03 14:35:30,203 -- WARNING -- Déclenchement d'une erreur, valeur d'entrée érronée
2022-05-03 14:35:30,204 -- WARNING -- Déclenchement d'une erreur, valeur d'entrée érronée
